{"/Users/stur/work/ubt-sever/modules/pv.js":{"path":"/Users/stur/work/ubt-sever/modules/pv.js","s":{"1":1,"2":1,"3":0,"4":0,"5":0,"6":0,"7":0,"8":0,"9":0,"10":0,"11":0,"12":0,"13":0,"14":0,"15":0,"16":0},"b":{"1":[0,0],"2":[0,0],"3":[0,0]},"f":{"1":0,"2":0},"fnMap":{"1":{"name":"(anonymous_1)","line":3,"loc":{"start":{"line":3,"column":15},"end":{"line":3,"column":34}}},"2":{"name":"(anonymous_2)","line":13,"loc":{"start":{"line":13,"column":12},"end":{"line":13,"column":26}}}},"statementMap":{"1":{"start":{"line":1,"column":0},"end":{"line":1,"column":35}},"2":{"start":{"line":3,"column":0},"end":{"line":24,"column":1}},"3":{"start":{"line":4,"column":2},"end":{"line":23,"column":3}},"4":{"start":{"line":5,"column":4},"end":{"line":5,"column":59}},"5":{"start":{"line":6,"column":4},"end":{"line":8,"column":5}},"6":{"start":{"line":7,"column":8},"end":{"line":7,"column":35}},"7":{"start":{"line":9,"column":4},"end":{"line":9,"column":46}},"8":{"start":{"line":10,"column":4},"end":{"line":10,"column":58}},"9":{"start":{"line":11,"column":4},"end":{"line":11,"column":36}},"10":{"start":{"line":13,"column":4},"end":{"line":19,"column":7}},"11":{"start":{"line":14,"column":6},"end":{"line":17,"column":7}},"12":{"start":{"line":15,"column":8},"end":{"line":15,"column":25}},"13":{"start":{"line":16,"column":8},"end":{"line":16,"column":35}},"14":{"start":{"line":18,"column":6},"end":{"line":18,"column":33}},"15":{"start":{"line":21,"column":4},"end":{"line":21,"column":18}},"16":{"start":{"line":22,"column":4},"end":{"line":22,"column":31}}},"branchMap":{"1":{"line":5,"type":"binary-expr","locations":[{"start":{"line":5,"column":17},"end":{"line":5,"column":52}},{"start":{"line":5,"column":56},"end":{"line":5,"column":58}}]},"2":{"line":6,"type":"if","locations":[{"start":{"line":6,"column":4},"end":{"line":6,"column":4}},{"start":{"line":6,"column":4},"end":{"line":6,"column":4}}]},"3":{"line":14,"type":"if","locations":[{"start":{"line":14,"column":6},"end":{"line":14,"column":6}},{"start":{"line":14,"column":6},"end":{"line":14,"column":6}}]}}},"/Users/stur/work/ubt-sever/db/model.js":{"path":"/Users/stur/work/ubt-sever/db/model.js","s":{"1":1,"2":1,"3":1,"4":1,"5":1,"6":1,"7":1,"8":1,"9":1,"10":1,"11":1,"12":1,"13":1,"14":1,"15":1,"16":1},"b":{},"f":{},"fnMap":{},"statementMap":{"1":{"start":{"line":1,"column":0},"end":{"line":1,"column":35}},"2":{"start":{"line":2,"column":0},"end":{"line":2,"column":49}},"3":{"start":{"line":3,"column":0},"end":{"line":3,"column":29}},"4":{"start":{"line":5,"column":0},"end":{"line":8,"column":3}},"5":{"start":{"line":9,"column":0},"end":{"line":9,"column":57}},"6":{"start":{"line":11,"column":0},"end":{"line":21,"column":3}},"7":{"start":{"line":22,"column":0},"end":{"line":22,"column":54}},"8":{"start":{"line":24,"column":0},"end":{"line":58,"column":3}},"9":{"start":{"line":59,"column":0},"end":{"line":59,"column":28}},"10":{"start":{"line":60,"column":0},"end":{"line":60,"column":45}},"11":{"start":{"line":62,"column":0},"end":{"line":68,"column":3}},"12":{"start":{"line":69,"column":0},"end":{"line":69,"column":66}},"13":{"start":{"line":71,"column":0},"end":{"line":71,"column":36}},"14":{"start":{"line":72,"column":0},"end":{"line":72,"column":34}},"15":{"start":{"line":73,"column":0},"end":{"line":73,"column":32}},"16":{"start":{"line":74,"column":0},"end":{"line":74,"column":26}}},"branchMap":{}}}