TN:
SF:/Users/stur/work/ubt-sever/modules/pv.js
FN:3,(anonymous_1)
FN:13,(anonymous_2)
FNF:2
FNH:0
FNDA:0,(anonymous_1)
FNDA:0,(anonymous_2)
DA:1,1
DA:3,1
DA:4,0
DA:5,0
DA:6,0
DA:7,0
DA:9,0
DA:10,0
DA:11,0
DA:13,0
DA:14,0
DA:15,0
DA:16,0
DA:18,0
DA:21,0
DA:22,0
LF:16
LH:2
BRDA:5,1,0,0
BRDA:5,1,1,0
BRDA:6,2,0,0
BRDA:6,2,1,0
BRDA:14,3,0,0
BRDA:14,3,1,0
BRF:6
BRH:0
end_of_record
TN:
SF:/Users/stur/work/ubt-sever/db/model.js
FNF:0
FNH:0
DA:1,1
DA:2,1
DA:3,1
DA:5,1
DA:9,1
DA:11,1
DA:22,1
DA:24,1
DA:59,1
DA:60,1
DA:62,1
DA:69,1
DA:71,1
DA:72,1
DA:73,1
DA:74,1
LF:16
LH:16
BRF:0
BRH:0
end_of_record
